août-04 09:31:28.581 [main] DEBUG nextflow.cli.Launcher - $> /home/cburny/nextflow ./pipe/RNASeq/src/pipe/quality_control.nf -c ./pipe/RNASeq/src/nextflow.config -profile quality_control --fastq_files ../data/PoolSeq/PoolSeq/R5.R{1,2}.fastq.gz --cpu 2
août-04 09:31:28.625 [main] INFO  nextflow.cli.CmdRun - N E X T F L O W  ~  version 0.25.4
août-04 09:31:28.632 [main] INFO  nextflow.cli.CmdRun - Launching `./pipe/RNASeq/src/pipe/quality_control.nf` [lonely_lorenz] - revision: 7a836896e8
août-04 09:31:28.638 [main] DEBUG nextflow.config.ConfigBuilder - User config file: ./pipe/RNASeq/src/nextflow.config
août-04 09:31:28.639 [main] DEBUG nextflow.config.ConfigBuilder - Parsing config file: /home/cburny/Bureau/Projects/ChrSexe/src/pipe/RNASeq/src/nextflow.config
août-04 09:31:28.777 [main] DEBUG nextflow.config.ConfigBuilder - Setting config profile: 'quality_control'
août-04 09:31:28.879 [main] DEBUG nextflow.Session - Session uuid: 5a6cc715-f190-4da6-a7dc-5882400676af
août-04 09:31:28.879 [main] DEBUG nextflow.Session - Run name: lonely_lorenz
août-04 09:31:28.880 [main] DEBUG nextflow.Session - Executor pool size: 4
août-04 09:31:28.886 [main] DEBUG nextflow.cli.CmdRun - 
  Version: 0.25.4 build 4512
  Modified: 31-07-2017 10:25 UTC (12:25 CEST)
  System: Linux 3.13.0-121-generic
  Runtime: Groovy 2.4.11 on Java HotSpot(TM) 64-Bit Server VM 1.7.0_60-b19
  Encoding: UTF-8 (UTF-8)
  Process: 31794@clara-OptiPlex-9020 [127.0.0.1]
  CPUs: 4 - Mem: 7,7 GB (2,7 GB) - Swap: 15,9 GB (15,9 GB)
août-04 09:31:28.894 [main] DEBUG nextflow.Session - Work-dir: /home/cburny/Bureau/Projects/ChrSexe/src/work [ext2/ext3]
août-04 09:31:28.894 [main] DEBUG nextflow.Session - Script base path does not exist or is not a directory: /home/cburny/Bureau/Projects/ChrSexe/src/pipe/RNASeq/src/pipe/bin
août-04 09:31:28.973 [main] DEBUG nextflow.Session - Session start invoked
août-04 09:31:28.974 [main] DEBUG nextflow.processor.TaskDispatcher - Dispatcher > start
août-04 09:31:28.974 [main] DEBUG nextflow.trace.TraceFileObserver - Flow starting -- trace file: /home/cburny/Bureau/Projects/ChrSexe/src/trace.txt
août-04 09:31:28.979 [main] DEBUG nextflow.script.ScriptRunner - > Script parsing
août-04 09:31:29.143 [main] DEBUG nextflow.script.ScriptRunner - > Launching execution
août-04 09:31:29.152 [main] ERROR nextflow.Nextflow - UrQt binary not found at: /usr/local/bin/UrQt
